The system is: Windows - 10.0.18362 - AMD64
Compiling the C compiler identification source file "CMakeCCompilerId.c" succeeded.
Compiler: Y:/VisualStudio/VC/Tools/MSVC/14.24.28314/bin/HostX64/x64/cl.exe 
Build flags: 
Id flags:  

The output was:
0
Microsoft (R) C/C++ Optimizing Compiler Version 19.24.28316 for x64
Copyright (C) Microsoft Corporation.  All rights reserved.

CMakeCCompilerId.c
Microsoft (R) Incremental Linker Version 14.24.28316.0
Copyright (C) Microsoft Corporation.  All rights reserved.

/out:CMakeCCompilerId.exe 
CMakeCCompilerId.obj 


Compilation of the C compiler identification source "CMakeCCompilerId.c" produced "CMakeCCompilerId.exe"

Compilation of the C compiler identification source "CMakeCCompilerId.c" produced "CMakeCCompilerId.obj"

The C compiler identification is MSVC, found in "Z:/ProgrammingStuff/CPP-Games-Repo/CPPBulletHellGame/Dependencies/include/glm/out/build/x64-Debug/CMakeFiles/3.15.19101501-MSVC_2/CompilerIdC/CMakeCCompilerId.exe"

Compiling the CXX compiler identification source file "CMakeCXXCompilerId.cpp" succeeded.
Compiler: Y:/VisualStudio/VC/Tools/MSVC/14.24.28314/bin/HostX64/x64/cl.exe 
Build flags: 
Id flags:  

The output was:
0
Microsoft (R) C/C++ Optimizing Compiler Version 19.24.28316 for x64
Copyright (C) Microsoft Corporation.  All rights reserved.

CMakeCXXCompilerId.cpp
Microsoft (R) Incremental Linker Version 14.24.28316.0
Copyright (C) Microsoft Corporation.  All rights reserved.

/out:CMakeCXXCompilerId.exe 
CMakeCXXCompilerId.obj 


Compilation of the CXX compiler identification source "CMakeCXXCompilerId.cpp" produced "CMakeCXXCompilerId.exe"

Compilation of the CXX compiler identification source "CMakeCXXCompilerId.cpp" produced "CMakeCXXCompilerId.obj"

The CXX compiler identification is MSVC, found in "Z:/ProgrammingStuff/CPP-Games-Repo/CPPBulletHellGame/Dependencies/include/glm/out/build/x64-Debug/CMakeFiles/3.15.19101501-MSVC_2/CompilerIdCXX/CMakeCXXCompilerId.exe"

Determining if the C compiler works passed with the following output:
Change Dir: Z:/ProgrammingStuff/CPP-Games-Repo/CPPBulletHellGame/Dependencies/include/glm/out/build/x64-Debug/CMakeFiles/CMakeTmp

Run Build Command(s):Y:\VISUALSTUDIO\COMMON7\IDE\COMMONEXTENSIONS\MICROSOFT\CMAKE\Ninja\ninja.exe cmTC_147ef && [1/2] Building C object CMakeFiles\cmTC_147ef.dir\testCCompiler.c.obj
[2/2] Linking C executable cmTC_147ef.exe



Detecting C compiler ABI info compiled with the following output:
Change Dir: Z:/ProgrammingStuff/CPP-Games-Repo/CPPBulletHellGame/Dependencies/include/glm/out/build/x64-Debug/CMakeFiles/CMakeTmp

Run Build Command(s):Y:\VISUALSTUDIO\COMMON7\IDE\COMMONEXTENSIONS\MICROSOFT\CMAKE\Ninja\ninja.exe cmTC_8b510 && [1/2] Building C object CMakeFiles\cmTC_8b510.dir\CMakeCCompilerABI.c.obj
[2/2] Linking C executable cmTC_8b510.exe



Determining if the CXX compiler works passed with the following output:
Change Dir: Z:/ProgrammingStuff/CPP-Games-Repo/CPPBulletHellGame/Dependencies/include/glm/out/build/x64-Debug/CMakeFiles/CMakeTmp

Run Build Command(s):Y:\VISUALSTUDIO\COMMON7\IDE\COMMONEXTENSIONS\MICROSOFT\CMAKE\Ninja\ninja.exe cmTC_4af39 && [1/2] Building CXX object CMakeFiles\cmTC_4af39.dir\testCXXCompiler.cxx.obj
[2/2] Linking CXX executable cmTC_4af39.exe



Detecting CXX compiler ABI info compiled with the following output:
Change Dir: Z:/ProgrammingStuff/CPP-Games-Repo/CPPBulletHellGame/Dependencies/include/glm/out/build/x64-Debug/CMakeFiles/CMakeTmp

Run Build Command(s):Y:\VISUALSTUDIO\COMMON7\IDE\COMMONEXTENSIONS\MICROSOFT\CMAKE\Ninja\ninja.exe cmTC_85355 && [1/2] Building CXX object CMakeFiles\cmTC_85355.dir\CMakeCXXCompilerABI.cpp.obj
[2/2] Linking CXX executable cmTC_85355.exe



